"../../../Engine/Content/EditorResources/S_Actor.uasset" 0
"../../../Engine/Content/EditorResources/S_Emitter.uasset" 1
"../../../Engine/Content/EngineResources/AICON-Red.uasset" 2
"../../../Engine/Content/EngineResources/AICON-Green.uasset" 3
"../../../Engine/Content/EngineFonts/Roboto.uasset" 4
"../../../Engine/Content/Functions/Engine_MaterialFunctions01/Shading/PowerToRoughness.uasset" 5
"../../../Engine/Content/EngineMaterials/DefaultDiffuse.uasset" 6
"../../../Engine/Content/EngineMaterials/DefaultDeferredDecalMaterial.uasset" 7
"../../../Engine/Content/EngineMaterials/DefaultLightFunctionMaterial.uasset" 8
"../../../Engine/Content/Functions/Engine_MaterialFunctions02/Utility/BreakOutFloat2Components.uasset" 9
"../../../Engine/Content/EngineMaterials/DefaultPostProcessMaterial.uasset" 10
"../../../Engine/Content/EngineResources/DefaultTexture.uasset" 11
"../../../Engine/Content/Functions/Engine_MaterialFunctions01/Texturing/ScaleUVsByCenter.uasset" 12
"../../../Engine/Content/Functions/Engine_MaterialFunctions02/ScreenResolution.uasset" 13
"../../../Engine/Content/Functions/Engine_MaterialFunctions02/Texturing/ScreenAlignedUVs.uasset" 14
"../../../Engine/Content/EngineResources/WhiteSquareTexture.uasset" 15
"../../../Engine/Content/EngineMaterials/Widget3DPassThrough.uasset" 16
"../../../Engine/Content/EngineMaterials/Widget3DPassThrough_Translucent.uasset" 17
"../../../Engine/Content/EngineMaterials/Widget3DPassThrough_Translucent_OneSided.uasset" 18
"../../../Engine/Content/EngineMaterials/Widget3DPassThrough_Opaque.uasset" 19
"../../../Engine/Content/EngineMaterials/Widget3DPassThrough_Opaque_OneSided.uasset" 20
"../../../Engine/Content/EngineMaterials/Widget3DPassThrough_Masked.uasset" 21
"../../../Engine/Content/EngineMaterials/Widget3DPassThrough_Masked_OneSided.uasset" 22
"../../../Engine/Content/EditorResources/S_LevelSequence.uasset" 23
"../../../Engine/Content/EditorResources/Bad.uasset" 24
"../../../Engine/Content/EditorMeshes/EditorCube.uasset" 25
"../../../Engine/Content/EditorMeshes/EditorSphere.uasset" 26
"../../../Engine/Content/EditorMeshes/EditorPlane.uasset" 27
"../../../Engine/Content/EditorMeshes/EditorCylinder.uasset" 28
"../../../Engine/Content/Maps/Templates/Thumbnails/Default.uasset" 29
"../../../Engine/Content/Maps/Templates/Thumbnails/VR-Basic.uasset" 30
"../../../Engine/Content/EditorMaterials/Thumbnails/SkySphereMaterial.uasset" 31
"../../../Engine/Content/EditorMeshes/EditorSkySphere.uasset" 32
"../../../Engine/Content/EngineMaterials/Grid.uasset" 33
"../../../Engine/Content/EditorMaterials/Thumbnails/FloorPlaneMaterial.uasset" 34
"../../../Engine/Content/MapTemplates/Sky/DaylightAmbientCubemap.uasset" 35
"../../../Engine/Content/EditorMaterials/ParticleSystems/PSysThumbnail_NoImage.uasset" 36
"../../../Engine/Content/EditorMaterials/ParticleSystems/PSysThumbnail_OOD.uasset" 37
"../../../Engine/Content/EditorResources/S_DecalActorIcon.uasset" 38
"../../../Engine/Content/EditorLandscapeResources/LandscapeGizmo_Mat.uasset" 39
"../../../Engine/Content/EditorLandscapeResources/LandscapeGizmo_Mat_Copied.uasset" 40
"../../../Engine/Content/EditorLandscapeResources/LandscapeGizmoHeight_Mat.uasset" 41
"../../../Engine/Content/EditorLandscapeResources/DataLayer.uasset" 42
"../../../Engine/Content/EditorResources/S_Terrain.uasset" 43
"../../../Engine/Content/EditorLandscapeResources/SplineEditorMeshMat.uasset" 44
"../../../Engine/Content/EditorLandscapeResources/SplineEditorMesh.uasset" 45
"../../../Engine/Content/EditorResources/MatineeCam_D.uasset" 46
"../../../Engine/Content/EditorMaterials/MatineeCam_mat.uasset" 47
"../../../Engine/Content/EditorMeshes/MatineeCam_SM.uasset" 48
"../../../Engine/Content/Functions/Engine_MaterialFunctions02/Utility/Sign.uasset" 49
"../../../Engine/Content/Functions/Engine_MaterialFunctions02/Utility/Round.uasset" 50
"../../../Engine/Content/Functions/Engine_MaterialFunctions02/ExampleContent/Textures/flipbook.uasset" 51
"../../../Engine/Content/Functions/Engine_MaterialFunctions02/Texturing/FlipBook.uasset" 52
"../../../Engine/Content/EditorResources/T_EditorHelp.uasset" 53
"../../../Engine/Content/EditorMaterials/HelpActorMaterial.uasset" 54
"../../../Engine/Content/EditorResources/S_ExpoHeightFog.uasset" 55
"../../../Engine/Content/EditorResources/S_NavP.uasset" 56
"../../../Engine/Content/EditorResources/S_Player.uasset" 57
"../../../Engine/Content/EditorResources/LightIcons/SkyLight.uasset" 58
"../../../Engine/Content/EditorResources/S_WindDirectional.uasset" 59
"../../../Engine/Content/EngineDamageTypes/DmgTypeBP_Environmental.uasset" 60
"../../../Engine/Content/EditorResources/LightIcons/S_LightDirectional.uasset" 61
"../../../Engine/Content/EditorResources/LightIcons/S_LightDirectionalMove.uasset" 62
"../../../Engine/Content/EditorResources/LightIcons/S_LightPoint.uasset" 63
"../../../Engine/Content/EditorResources/LightIcons/S_LightPointMove.uasset" 64
"../../../Engine/Content/EditorResources/LightIcons/S_LightSpot.uasset" 65
"../../../Engine/Content/EditorResources/LightIcons/S_LightSpotMove.uasset" 66
"../../../Engine/Content/EditorResources/S_PortalActorIcon2.uasset" 67
"../../../Engine/Content/EditorResources/MatInstActSprite.uasset" 68
"../../../Engine/Content/EditorResources/SceneManager.uasset" 69
"../../../Engine/Content/EditorResources/AI/S_NavLink.uasset" 70
"../../../Engine/Content/EditorResources/S_Note.uasset" 71
"../../../Engine/Content/EngineMeshes/Sphere.uasset" 72
"../../../Engine/Content/EditorResources/S_ReflActorIcon.uasset" 73
"../../../Engine/Content/EditorResources/S_Thruster.uasset" 74
"../../../Engine/Content/EditorResources/S_RadForce.uasset" 75
"../../../Engine/Content/EditorMaterials/TargetIcon.uasset" 76
"../../../Engine/Content/EngineFonts/RobotoDistanceField.uasset" 77
"../../../Engine/Content/EngineMaterials/DefaultTextMaterialOpaque.uasset" 78
"../../../Engine/Content/EditorResources/S_TextRenderActorIcon.uasset" 79
"../../../Engine/Content/EditorResources/S_Trigger.uasset" 80
"../../../Engine/Content/EditorResources/S_VectorFieldVol.uasset" 81
"../../../Engine/Content/EngineResources/GradientTexture0.uasset" 82
"../../../Engine/Content/EngineResources/Black.uasset" 83
"../../../Engine/Content/EditorMaterials/MatineeGroups/MAT_Groups_Float.uasset" 84
"../../../Engine/Content/EditorMaterials/MatineeGroups/MAT_Groups_Director.uasset" 85
"../../../Engine/Content/EditorMaterials/MatineeGroups/MAT_Groups_Event.uasset" 86
"../../../Engine/Content/EditorMaterials/MatineeGroups/MAT_Groups_Anim.uasset" 87
"../../../Engine/Content/EditorMaterials/MatineeGroups/MAT_Groups_Fade.uasset" 88
"../../../Engine/Content/EditorMaterials/MatineeGroups/MAT_Groups_Move.uasset" 89
"../../../Engine/Content/EditorMaterials/MatineeGroups/MAT_Groups_Slomo.uasset" 90
"../../../Engine/Content/EditorMaterials/MatineeGroups/MAT_ColorTrack.uasset" 91
"../../../Engine/Content/EditorMaterials/MAT_Groups_Toggle.uasset" 92
"../../../Engine/Content/EditorMaterials/MatineeGroups/MAT_Groups_AudioMaster.uasset" 93
"../../../Engine/Content/EditorMaterials/MatineeGroups/MAT_Groups_Sound.uasset" 94
"../../../Engine/Content/EditorMaterials/MatineeGroups/MAT_Groups_Vector.uasset" 95
"../../../Engine/Content/EditorMaterials/MAT_Groups_Visibility.uasset" 96
"../../../Engine/Content/EngineResources/DefaultTextureCube.uasset" 97
"../../../Engine/Content/Functions/Engine_MaterialFunctions01/Opacity/CameraDepthFade.uasset" 98
"../../../Engine/Content/EngineMaterials/T_Default_Material_Grid_M.uasset" 99
"../../../Engine/Content/EngineMaterials/T_Default_Material_Grid_N.uasset" 100
"../../../Engine/Content/EngineMaterials/DefaultMaterial.uasset" 101
"../../../Engine/Content/EngineMeshes/Cylinder.uasset" 102
"../../../Engine/Content/EngineTireTypes/DefaultTireType.uasset" 103
"../../../Engine/Content/EditorMaterials/Camera/CineMat.uasset" 104
"../../../Engine/Content/EditorMaterials/Camera/MI_CineMat_Rig.uasset" 105
"../../../Engine/Content/EditorMeshes/Camera/SM_CraneRig_Base.uasset" 106
"../../../Engine/Content/EditorMeshes/Camera/SM_CraneRig_Arm.uasset" 107
"../../../Engine/Content/EditorMeshes/Camera/SM_CraneRig_Mount.uasset" 108
"../../../Engine/Content/EditorMeshes/Camera/SM_CraneRig_Body.uasset" 109
"../../../Engine/Content/EditorMeshes/Camera/SM_RailRig_Track.uasset" 110
"../../../Engine/Content/EditorMeshes/Camera/SM_RailRig_Mount.uasset" 111
"../../../Engine/Content/EditorMaterials/Camera/MI_CineMat_CameraBody.uasset" 112
"../../../Engine/Content/EngineDebugMaterials/M_SimpleOpaque.uasset" 113
"../../../Engine/Content/EditorMaterials/Camera/MI_CineMat_CamViewFinder.uasset" 114
"../../../Engine/Content/EditorMeshes/Camera/SM_CineCam.uasset" 115
"../../../Engine/Content/EngineMaterials/WorldGridMaterial.uasset" 116
"../../../Engine/Content/ArtTools/RenderToTexture/Meshes/S_1_Unit_Plane.uasset" 117
"../../../Engine/Content/EngineDebugMaterials/M_SimpleTranslucent.uasset" 118
"../../../Engine/Content/EditorResources/S_FTest.uasset" 119
"../../../Engine/Content/VREditor/LaserPointer/VR_LaserPower_01.uasset" 120
"../../../Engine/Content/VREditor/TransformGizmo/TransformGizmoMaterial.uasset" 121
"../../../Engine/Content/VREditor/TransformGizmo/TranslucentTransformGizmoMaterial.uasset" 122
"../../../Engine/Content/VREditor/TransformGizmo/TranslationHandle.uasset" 123
"../../../Engine/Content/VREditor/TransformGizmo/PlaneTranslationHandle.uasset" 124
"../../../Engine/Content/VREditor/TransformGizmo/RotationHandle.uasset" 125
"../../../Engine/Content/VREditor/TransformGizmo/StretchingHandle.uasset" 126
"../../../Engine/Content/VREditor/TransformGizmo/BoundingBoxCorner.uasset" 127
"../../../Engine/Content/VREditor/TransformGizmo/BoundingBoxEdge.uasset" 128
"../../../Engine/Content/VREditor/TransformGizmo/UniformScaleHandle.uasset" 129
"../../../Engine/Content/VREditor/FloatingText/LineMaterial.uasset" 130
"../../../Engine/Content/VREditor/FloatingText/LineSegmentCylinder.uasset" 131
"../../../Engine/Content/VREditor/FloatingText/JointSphere.uasset" 132
"../../../Engine/Content/VREditor/Fonts/VRText_RobotoLarge.uasset" 133
"../../../Engine/Content/VREditor/Fonts/VRTextMaterial.uasset" 134
"../../../Engine/Content/VREditor/Fonts/TranslucentVRTextMaterial.uasset" 135
"../../../Engine/Content/VREditor/UI/SelectionBarMesh.uasset" 136
"../../../Engine/Content/VREditor/UI/CloseButtonMesh.uasset" 137
"../../../Engine/Plugins/2D/Paper2D/Content/PlaceholderTextures/DummySpriteTexture.uasset" 138
"../../../Engine/Plugins/2D/Paper2D/Content/DefaultSpriteMaterial.uasset" 139
"../../../Engine/Plugins/2D/Paper2D/Content/MaskedUnlitSpriteMaterial.uasset" 140
"../../../Engine/Plugins/2D/Paper2D/Content/DummySprite.uasset" 141
"../../../Engine/Plugins/2D/Paper2D/Content/DefaultPaperTerrainMaterial.uasset" 142
"../../../Engine/Content/EditorSounds/Notifications/CompileSuccess.uasset" 143
"../../../Engine/Content/EditorSounds/Notifications/CompileStart_Cue.uasset" 144
"../../../Engine/Content/EditorSounds/Notifications/CompileSuccess_Cue.uasset" 145
"../../../Engine/Content/EditorSounds/Notifications/CompileFailed.uasset" 146
"../../../Engine/Content/EditorSounds/Notifications/CompileFailed_Cue.uasset" 147
"../../../Engine/Content/BufferVisualization/BaseColor.uasset" 148
"../../../Engine/Content/BufferVisualization/CustomDepth.uasset" 149
"../../../Engine/Content/Functions/Engine_MaterialFunctions02/Utility/MakeFloat2.uasset" 150
"../../../Engine/Content/Functions/Engine_MaterialFunctions02/Utility/MakeFloat3.uasset" 151
"../../../Engine/Content/EngineMaterials/MiniFont.uasset" 152
"../../../Engine/Content/BufferVisualization/CustomStencil.uasset" 153
"../../../Engine/Content/BufferVisualization/FinalImage.uasset" 154
"../../../Engine/Content/BufferVisualization/LightingModel.uasset" 155
"../../../Engine/Content/BufferVisualization/MaterialAO.uasset" 156
"../../../Engine/Content/BufferVisualization/Metallic.uasset" 157
"../../../Engine/Content/BufferVisualization/Opacity.uasset" 158
"../../../Engine/Content/BufferVisualization/Roughness.uasset" 159
"../../../Engine/Content/BufferVisualization/SceneColor.uasset" 160
"../../../Engine/Content/BufferVisualization/SceneDepth.uasset" 161
"../../../Engine/Content/BufferVisualization/SeparateTranslucencyRGB.uasset" 162
"../../../Engine/Content/BufferVisualization/SeparateTranslucencyA.uasset" 163
"../../../Engine/Content/BufferVisualization/Specular.uasset" 164
"../../../Engine/Content/BufferVisualization/SubsurfaceColor.uasset" 165
"../../../Engine/Content/BufferVisualization/WorldNormal.uasset" 166
"../../../Engine/Content/EngineMaterials/DefaultPhysicalMaterial.uasset" 167
"../../../Engine/Content/BufferVisualization/AmbientOcclusion.uasset" 168
"../../../Engine/Content/Functions/Engine_MaterialFunctions02/Utility/VectorLength.uasset" 169
"../../../Engine/Content/BufferVisualization/CustomDepthWorldUnits.uasset" 170
"../../../Engine/Content/BufferVisualization/SceneDepthWorldUnits.uasset" 171
"../../../Engine/Content/BufferVisualization/HDRColor.uasset" 172
"../../../Engine/Content/Tutorial/Basics/TutorialAssets/icon_tab_Levels_40x.uasset" 173
"../../../Engine/Content/EngineMaterials/HighResolutionScreenshotMaskFunction.uasset" 174
"../../../Engine/Content/EngineMaterials/HighResScreenshot.uasset" 175
"../../../Engine/Content/EngineMaterials/HighResScreenshotMask.uasset" 176
"../../../Engine/Content/EngineMaterials/HighResScreenshotCaptureRegion.uasset" 177
"../../../Engine/Content/EngineDebugMaterials/WireframeMaterial.uasset" 178
"../../../Engine/Content/Functions/Engine_MaterialFunctions01/Shading/ConvertFromDiffSpec.uasset" 179
"../../../Engine/Content/EngineDebugMaterials/LevelColorationLitMaterial.uasset" 180
"../../../Engine/Content/EngineDebugMaterials/LevelColorationUnlitMaterial.uasset" 181
"../../../Engine/Content/EngineMaterials/DefaultWhiteGrid.uasset" 182
"../../../Engine/Content/EngineDebugMaterials/MAT_LevelColorationLitLightmapUV.uasset" 183
"../../../Engine/Content/EngineDebugMaterials/ShadedLevelColorationLitMaterial.uasset" 184
"../../../Engine/Content/EngineDebugMaterials/ShadedLevelColorationUnlitMateri.uasset" 185
"../../../Engine/Content/EngineDebugMaterials/VertexColorMaterial.uasset" 186
"../../../Engine/Content/EngineDebugMaterials/VertexColorViewMode_ColorOnly.uasset" 187
"../../../Engine/Content/EngineDebugMaterials/VertexColorViewMode_AlphaAsColor.uasset" 188
"../../../Engine/Content/EngineDebugMaterials/VertexColorViewMode_RedOnly.uasset" 189
"../../../Engine/Content/EngineDebugMaterials/VertexColorViewMode_GreenOnly.uasset" 190
"../../../Engine/Content/EngineDebugMaterials/VertexColorViewMode_BlueOnly.uasset" 191
"../../../Engine/Content/EngineMaterials/RemoveSurfaceMaterial.uasset" 192
"../../../Engine/Content/EngineDebugMaterials/DebugMeshMaterial.uasset" 193
"../../../Engine/Content/EngineMaterials/InvalidLightmapSettings.uasset" 194
"../../../Engine/Content/EngineMaterials/M_InvalidLightmapSettings.uasset" 195
"../../../Engine/Content/EditorMaterials/GizmoMaterial.uasset" 196
"../../../Engine/Content/EngineDebugMaterials/GeomMaterial.uasset" 197
"../../../Engine/Content/EngineMaterials/EditorBrushMaterial.uasset" 198
"../../../Engine/Content/EngineDebugMaterials/HeatmapGradient.uasset" 199
"../../../Engine/Content/EngineDebugMaterials/BoneWeightMaterial.uasset" 200
"../../../Engine/Content/EditorMaterials/PreviewShadowIndicator.uasset" 201
"../../../Engine/Content/EditorMaterials/PreviewShadowIndicatorMaterial.uasset" 202
"../../../Engine/Content/EditorMaterials/PhAT_JointLimitMaterial.uasset" 203
"../../../Engine/Content/EditorResources/BSPVertex.uasset" 204
"../../../Engine/Content/EngineMaterials/Good64x64TilingNoiseHighFreq.uasset" 205
"../../../Engine/Content/EngineMaterials/DefaultBokeh.uasset" 206
"../../../Engine/Content/EngineMaterials/PreintegratedSkinBRDF.uasset" 207
"../../../Engine/Content/EngineMaterials/WeightMapPlaceholderTexture.uasset" 208
"../../../Engine/Content/EngineFonts/RobotoTiny.uasset" 209
"../../../Engine/Content/Tutorial/ContentIntroCurve.uasset" 210
"../../../Engine/Content/EditorMaterials/Cross.uasset" 211
"../../../Engine/Content/EditorMaterials/Cross_Mat.uasset" 212
"../../../Engine/Content/EditorMaterials/PhAT_BoneSelectedMaterial.uasset" 213
"../../../Engine/Content/EditorMaterials/PhAT_ElemSelectedMaterial.uasset" 214
"../../../Engine/Content/EditorMaterials/PhAT_NoCollisionMaterial.uasset" 215
"../../../Engine/Content/EditorMaterials/PhAT_UnselectedMaterial.uasset" 216
"../../../Engine/Content/EditorMaterials/Tick.uasset" 217
"../../../Engine/Content/EditorMaterials/Tick_Mat.uasset" 218
"../../../Engine/Content/EditorMaterials/WidgetGridVertexColorMaterial.uasset" 219
"../../../Engine/Content/EditorMaterials/WidgetGridVertexColorMaterial_Ma.uasset" 220
"../../../Engine/Content/EditorMaterials/WidgetMaterial.uasset" 221
"../../../Engine/Content/EditorMaterials/WidgetMaterial_Current.uasset" 222
"../../../Engine/Content/EditorMaterials/WidgetMaterial_X.uasset" 223
"../../../Engine/Content/EditorMaterials/WidgetMaterial_Y.uasset" 224
"../../../Engine/Content/EditorMaterials/WidgetMaterial_Z.uasset" 225
"../../../Engine/Content/EditorMaterials/WidgetVertexColorMaterial.uasset" 226
"../../../Engine/Content/EditorMaterials/CompositeARGBLayer.uasset" 227
"../../../Engine/Content/EditorMaterials/TilingAALineIntegral.uasset" 228
"../../../Engine/Content/EditorMaterials/TilingAALineBoxFiltered.uasset" 229
"../../../Engine/Content/Functions/Engine_MaterialFunctions03/Procedurals/ComputeFilterWidth.uasset" 230
"../../../Engine/Content/EditorMaterials/TilingAADots.uasset" 231
"../../../Engine/Content/EditorMaterials/Cascade/CASC_Cross.uasset" 232
"../../../Engine/Content/EditorMaterials/Cascade/CASC_None.uasset" 233
"../../../Engine/Content/Functions/Engine_MaterialFunctions03/Blends/Blend_Screen.uasset" 234
"../../../Engine/Content/EditorMaterials/TilingAAGrid.uasset" 235
"../../../Engine/Content/EditorMaterials/LevelGridMaterial.uasset" 236
"../../../Engine/Content/EditorResources/SmallFont.uasset" 237
"../../../Engine/Content/EditorResources/S_KBSJoint.uasset" 238
"../../../Engine/Content/EditorResources/S_KHinge.uasset" 239
"../../../Engine/Content/EditorResources/S_KPrismatic.uasset" 240
"../../../Engine/Content/EditorResources/LightIcons/S_LightError.uasset" 241
"../../../Engine/Content/EditorResources/Spline/T_Loft_Spline.uasset" 242
"../../../Engine/Content/EngineMaterials/BlinkingCaret.uasset" 243
"../../../Engine/Content/EngineMaterials/DefaultNormal.uasset" 244
"../../../Engine/Content/EngineMaterials/Grid_N.uasset" 245
"../../../Engine/Content/EngineMaterials/LandscapeHolePhysicalMaterial.uasset" 246
"../../../Engine/Content/EngineMaterials/PaperDiffuse.uasset" 247
"../../../Engine/Content/EngineMaterials/PaperNormal.uasset" 248
"../../../Engine/Content/EngineMaterials/PhysMat_Rubber.uasset" 249
"../../../Engine/Content/EngineFonts/SmallFont.uasset" 250
"../../../Engine/Content/EngineFonts/TinyFont.uasset" 251
"../../../Engine/Content/EngineResources/StreamingPauseIcon.uasset" 252
"../../../Engine/Content/EngineResources/M_StreamingPause.uasset" 253
"../../../Engine/Content/BasicShapes/Cube.uasset" 254
"../../../Engine/Content/BasicShapes/Sphere.uasset" 255
"../../../Engine/Content/BasicShapes/Cylinder.uasset" 256
"../../../Engine/Content/BasicShapes/Cone.uasset" 257
"../../../Engine/Content/EditorResources/SequenceRecorder/Countdown.uasset" 258
"../../../Engine/Content/EditorResources/SequenceRecorder/RecordingIndicator.uasset" 259
"../../../Engine/Content/EditorLandscapeResources/DefaultAlphaTexture.uasset" 260
"../../../Dealio/Content/2dSideScroller/Textures/2DCharacter_IdleAnimAtlas.uasset" 261
"../../../Dealio/Content/2dSideScroller/Sprites/IdleFrames/IdleCycle1.uasset" 262
"../../../Dealio/Content/2dSideScroller/Sprites/IdleFrames/IdleCycle2.uasset" 263
"../../../Dealio/Content/2dSideScroller/Sprites/IdleFrames/IdleCycle3.uasset" 264
"../../../Dealio/Content/2dSideScroller/Sprites/IdleFrames/IdleCycle4.uasset" 265
"../../../Dealio/Content/2dSideScroller/Sprites/IdleFrames/IdleCycle5.uasset" 266
"../../../Dealio/Content/2dSideScroller/Sprites/IdleFrames/IdleCycle6.uasset" 267
"../../../Dealio/Content/2dSideScroller/Sprites/IdleFrames/IdleCycle7.uasset" 268
"../../../Dealio/Content/2dSideScroller/Sprites/IdleFrames/IdleCycle8.uasset" 269
"../../../Dealio/Content/2DSideScroller/Sprites/IdleAnimation.uasset" 270
"../../../Dealio/Content/2dSideScroller/Textures/2DCharacter_RunAnimAtlas.uasset" 271
"../../../Dealio/Content/2dSideScroller/Sprites/RunFrames/RunCycle_1.uasset" 272
"../../../Dealio/Content/2dSideScroller/Sprites/RunFrames/RunCycle_10.uasset" 273
"../../../Dealio/Content/2dSideScroller/Sprites/RunFrames/RunCycle_11.uasset" 274
"../../../Dealio/Content/2dSideScroller/Sprites/RunFrames/RunCycle_12.uasset" 275
"../../../Dealio/Content/2dSideScroller/Sprites/RunFrames/RunCycle_13.uasset" 276
"../../../Dealio/Content/2dSideScroller/Sprites/RunFrames/RunCycle_14.uasset" 277
"../../../Dealio/Content/2dSideScroller/Sprites/RunFrames/RunCycle_15.uasset" 278
"../../../Dealio/Content/2dSideScroller/Sprites/RunFrames/RunCycle_16.uasset" 279
"../../../Dealio/Content/2dSideScroller/Sprites/RunFrames/RunCycle_2.uasset" 280
"../../../Dealio/Content/2dSideScroller/Sprites/RunFrames/RunCycle_3.uasset" 281
"../../../Dealio/Content/2dSideScroller/Sprites/RunFrames/RunCycle_4.uasset" 282
"../../../Dealio/Content/2dSideScroller/Sprites/RunFrames/RunCycle_5.uasset" 283
"../../../Dealio/Content/2dSideScroller/Sprites/RunFrames/RunCycle_6.uasset" 284
"../../../Dealio/Content/2dSideScroller/Sprites/RunFrames/RunCycle_7.uasset" 285
"../../../Dealio/Content/2dSideScroller/Sprites/RunFrames/RunCycle_8.uasset" 286
"../../../Dealio/Content/2dSideScroller/Sprites/RunFrames/RunCycle_9.uasset" 287
"../../../Dealio/Content/2DSideScroller/Sprites/RunningAnimation.uasset" 288
"../../../Engine/Content/EditorMaterials/MakeCompositeARGBLayer.uasset" 289
"../../../Engine/Content/EditorResources/LevelGrid1DStripes.uasset" 290
"../../../Engine/Content/EditorMaterials/TextureGridCascaded1D.uasset" 291
"../../../Engine/Content/EditorMaterials/TextureGridCascaded2D.uasset" 292
"../../../Engine/Content/EditorMaterials/LevelGridMaterial2.uasset" 293
"../../../Engine/Content/EditorBlueprintResources/StandardMacros.uasset" 294
"../../../Engine/Content/ArtTools/RenderToTexture/Enums/EIntTypes.uasset" 295
"../../../Engine/Content/ArtTools/RenderToTexture/Macros/RenderToTextureFunctionLibrary.uasset" 296
"../../../Dealio/Content/Link_shiz/Sprites/adult_link_custom_sheet_by_xander_.uasset" 297
"../../../Dealio/Content/Link_shiz/Sprites/adult_link_custom_sheet_by_xander__Sprite_3.uasset" 298
"../../../Dealio/Content/Link_shiz/Sprites/adult_link_custom_sheet_by_xander__Sprite_4.uasset" 299
"../../../Dealio/Content/Link_shiz/Sprites/adult_link_custom_sheet_by_xander__Sprite_5.uasset" 300
"../../../Dealio/Content/Link_shiz/Sprites/adult_link_custom_sheet_by_xander__Sprite_6.uasset" 301
"../../../Dealio/Content/Link_shiz/Sprites/adult_link_custom_sheet_by_xander__Sprite_7.uasset" 302
"../../../Dealio/Content/Link_shiz/Sprites/adult_link_custom_sheet_by_xander__Sprite_8.uasset" 303
"../../../Dealio/Content/Link_shiz/Sprites/adult_link_custom_sheet_by_xander__Sprite_9.uasset" 304
"../../../Dealio/Content/Link_shiz/Sprites/adult_link_custom_sheet_by_xander__Sprite_10.uasset" 305
"../../../Dealio/Content/Link_shiz/Sprites/adult_link_custom_sheet_by_xander__Sprite_11.uasset" 306
"../../../Dealio/Content/Link_shiz/Sprites/adult_link_custom_sheet_by_xander__Sprite_12.uasset" 307
"../../../Dealio/Content/Link_shiz/Sprites/adult_link_custom_sheet_by_xander__Sprite_13.uasset" 308
"../../../Dealio/Content/Link_shiz/Sprites/adult_link_custom_sheet_by_xander__Sprite_14.uasset" 309
"../../../Dealio/Content/Link_shiz/Sprites/adult_link_custom_sheet_by_xander__Sprite_15.uasset" 310
"../../../Dealio/Content/Link_shiz/Sprites/adult_link_custom_sheet_by_xander__Sprite_16.uasset" 311
"../../../Dealio/Content/Link_shiz/Sprites/adult_link_custom_sheet_by_xander__Sprite_24.uasset" 312
"../../../Dealio/Content/Link_shiz/Sprites/adult_link_custom_sheet_by_xander__Sprite_25.uasset" 313
"../../../Dealio/Content/Link_shiz/Sprites/adult_link_custom_sheet_by_xander__Sprite_26.uasset" 314
"../../../Dealio/Content/Link_shiz/Sprites/adult_link_custom_sheet_by_xander__Sprite_27.uasset" 315
"../../../Dealio/Content/Link_shiz/Sprites/adult_link_custom_sheet_by_xander__Sprite_28.uasset" 316
"../../../Dealio/Content/Link_shiz/Sprites/adult_link_custom_sheet_by_xander__Sprite_29.uasset" 317
"../../../Dealio/Content/Link_shiz/Sprites/adult_link_custom_sheet_by_xander__Sprite_30.uasset" 318
"../../../Dealio/Content/Link_shiz/Sprites/adult_link_custom_sheet_by_xander__Sprite_31.uasset" 319
"../../../Dealio/Content/Link_shiz/Sprites/adult_link_custom_sheet_by_xander__Sprite_32.uasset" 320
"../../../Dealio/Content/Link_shiz/Sprites/adult_link_custom_sheet_by_xander__Sprite_33.uasset" 321
"../../../Dealio/Content/Link_shiz/Sprites/adult_link_custom_sheet_by_xander__Sprite_34.uasset" 322
"../../../Dealio/Content/Link_shiz/Sprites/adult_link_custom_sheet_by_xander__Sprite_35.uasset" 323
"../../../Dealio/Content/Link_shiz/Sprites/adult_link_custom_sheet_by_xander__Sprite_36.uasset" 324
"../../../Dealio/Content/Link_shiz/Sprites/adult_link_custom_sheet_by_xander__Sprite_37.uasset" 325
"../../../Dealio/Content/Link_shiz/Sprites/adult_link_custom_sheet_by_xander__Sprite_38.uasset" 326
"../../../Engine/Content/Tutorial/Paper2D/TutorialAssets/Paper2DFlipbook_TutorialIcon.uasset" 327
"../../../Engine/Content/ArtTools/RenderToTexture/Enums/EFloatTypes.uasset" 328
"../../../Engine/Content/ArtTools/RenderToTexture/Macros/RenderToTextureMacros.uasset" 329
"../../../Engine/Content/EditorBlueprintResources/ActorMacros.uasset" 330
"../../../Engine/Content/ArtTools/RenderToTexture/Enums/RenderToTexture_Enum.uasset" 331
"../../../Engine/Content/ArtTools/RenderToTexture/Enums/RenderToTexture_Flipbook_Enum.uasset" 332
"../../../Engine/Content/ArtTools/RenderToTexture/Enums/RenderToTexture_Imposter_Enum.uasset" 333
"../../../Engine/Content/VREditor/Tutorial/UMG/Specialized/AnimsForHands.uasset" 334
"../../../Engine/Content/EditorMaterials/GridMaterial.uasset" 335
"../../../Engine/Content/EditorMeshes/PhAT_FloorBox.uasset" 336
"../../../Engine/Content/EditorMaterials/AntialiasedGridFloor.uasset" 337
"../../../Engine/Content/EditorResources/TilePatine_D.uasset" 338
"../../../Engine/Content/EditorResources/TilePatine_N.uasset" 339
"../../../Engine/Content/EditorMaterials/PersonaFloorMat.uasset" 340
"../../../Engine/Content/Tutorial/BlueprintTutorials/TutorialAssets/Blueprint_64x.uasset" 341
"../../../Engine/Content/MobileResources/HUD/MobileHUDButton3.uasset" 342
"../../../Engine/Content/MobileResources/HUD/MobileHUDButton1_off.uasset" 343
"../../../Engine/Content/MobileResources/HUD/MobileHUDDirectionPad3.uasset" 344
"../../../Engine/Content/MobileResources/T_MobileMenu2.uasset" 345
"../../../Engine/Content/MobileResources/HUD/MobileHUDButton2_off.uasset" 346
"../../../Engine/Content/MobileResources/HUD/MobileHUDDirectionPad.uasset" 347
"../../../Engine/Content/MobileResources/HUD/T_Castle_ThumbstickInner.uasset" 348
"../../../Engine/Content/MobileResources/T_MobileControls_texture.uasset" 349
"../../../Engine/Content/MobileResources/HUD/AnalogHat.uasset" 350
"../../../Engine/Content/MobileResources/HUD/VirtualJoystick_Background.uasset" 351
"../../../Engine/Content/MobileResources/HUD/VirtualJoystick_Thumb.uasset" 352
"../../../Engine/Content/MobileResources/HUD/DefaultVirtualJoysticks.uasset" 353
"../../../Engine/Content/MobileResources/HUD/LeftVirtualJoystickOnly.uasset" 354
"../../../Engine/Content/MobileResources/HUD/MobileHUDButton1_on.uasset" 355
"../../../Engine/Content/MobileResources/HUD/MobileHUDButton2_on.uasset" 356
"../../../Engine/Content/MobileResources/HUD/MobileHUDButtonFire.uasset" 357
"../../../Engine/Content/MobileResources/HUD/MobileHUDDirectionPad2.uasset" 358
"../../../Engine/Content/MobileResources/HUD/MobileHUDDirectionStick.uasset" 359
"../../../Engine/Content/MobileResources/HUD/T_Castle_ThumbstickOutter.uasset" 360
"../../../Engine/Content/EditorResources/EmptyActor.uasset" 361
"../../../Engine/Content/EditorSounds/GamePreview/EndPlayInEditor.uasset" 362
"../../../Engine/Content/EditorSounds/GamePreview/EndPlayInEditor_Cue.uasset" 363
"../../../Engine/Content/EditorSounds/GamePreview/StartPlayInEditor.uasset" 364
"../../../Engine/Content/EditorSounds/GamePreview/StartPlayInEditor_Cue.uasset" 365
"../../../Engine/Content/Tutorial/Paper2D/TutorialAssets/Paper2DSprite_TutorialIcon.uasset" 366
"../../../Dealio/Content/Link_shiz/Tiles/tiles__r1708350101.uasset" 367
"../../../Dealio/Content/Link_shiz/Tiles/tiles__r1708350101_Sprite_59.uasset" 368
"../../../Dealio/Content/Link_shiz/Tiles/tiles__r1708350101_Sprite_58.uasset" 369
"../../../Dealio/Content/Link_shiz/Tiles/tiles__r1708350101_Sprite_57.uasset" 370
"../../../Dealio/Content/Link_shiz/Tiles/tiles__r1708350101_Sprite_56.uasset" 371
"../../../Dealio/Content/Link_shiz/Tiles/tiles__r1708350101_Sprite_55.uasset" 372
"../../../Dealio/Content/Link_shiz/Tiles/tiles__r1708350101_Sprite_54.uasset" 373
"../../../Dealio/Content/Link_shiz/Tiles/tiles__r1708350101_Sprite_53.uasset" 374
"../../../Dealio/Content/Link_shiz/Tiles/tiles__r1708350101_Sprite_52.uasset" 375
"../../../Dealio/Content/Link_shiz/Tiles/tiles__r1708350101_Sprite_51.uasset" 376
"../../../Dealio/Content/Link_shiz/Tiles/tiles__r1708350101_Sprite_50.uasset" 377
"../../../Dealio/Content/Link_shiz/Tiles/tiles__r1708350101_Sprite_49.uasset" 378
"../../../Dealio/Content/Link_shiz/Tiles/tiles__r1708350101_Sprite_48.uasset" 379
"../../../Dealio/Content/Link_shiz/Tiles/tiles__r1708350101_Sprite_47.uasset" 380
"../../../Dealio/Content/Link_shiz/Tiles/tiles__r1708350101_Sprite_46.uasset" 381
"../../../Dealio/Content/Link_shiz/Tiles/tiles__r1708350101_Sprite_45.uasset" 382
"../../../Dealio/Content/Link_shiz/Tiles/tiles__r1708350101_Sprite_44.uasset" 383
"../../../Dealio/Content/Link_shiz/Tiles/tiles__r1708350101_Sprite_43.uasset" 384
"../../../Dealio/Content/Link_shiz/Tiles/tiles__r1708350101_Sprite_42.uasset" 385
"../../../Dealio/Content/Link_shiz/Tiles/tiles__r1708350101_Sprite_41.uasset" 386
"../../../Dealio/Content/Link_shiz/Tiles/tiles__r1708350101_Sprite_40.uasset" 387
"../../../Dealio/Content/Link_shiz/Tiles/tiles__r1708350101_Sprite_39.uasset" 388
"../../../Dealio/Content/Link_shiz/Tiles/tiles__r1708350101_Sprite_38.uasset" 389
"../../../Dealio/Content/Link_shiz/Tiles/tiles__r1708350101_Sprite_37.uasset" 390
"../../../Dealio/Content/Link_shiz/Tiles/tiles__r1708350101_Sprite_36.uasset" 391
"../../../Dealio/Content/Link_shiz/Tiles/tiles__r1708350101_Sprite_35.uasset" 392
"../../../Dealio/Content/Link_shiz/Tiles/tiles__r1708350101_Sprite_34.uasset" 393
"../../../Dealio/Content/Link_shiz/Tiles/tiles__r1708350101_Sprite_33.uasset" 394
"../../../Dealio/Content/Link_shiz/Tiles/tiles__r1708350101_Sprite_32.uasset" 395
"../../../Dealio/Content/Link_shiz/Tiles/tiles__r1708350101_Sprite_31.uasset" 396
"../../../Dealio/Content/Link_shiz/Tiles/tiles__r1708350101_Sprite_30.uasset" 397
"../../../Dealio/Content/Link_shiz/Tiles/tiles__r1708350101_Sprite_29.uasset" 398
"../../../Dealio/Content/Link_shiz/Tiles/tiles__r1708350101_Sprite_28.uasset" 399
"../../../Dealio/Content/Link_shiz/Tiles/tiles__r1708350101_Sprite_27.uasset" 400
"../../../Dealio/Content/Link_shiz/Tiles/tiles__r1708350101_Sprite_26.uasset" 401
"../../../Dealio/Content/Link_shiz/Tiles/tiles__r1708350101_Sprite_25.uasset" 402
"../../../Dealio/Content/Link_shiz/Tiles/tiles__r1708350101_Sprite_24.uasset" 403
"../../../Dealio/Content/Link_shiz/Tiles/tiles__r1708350101_Sprite_23.uasset" 404
"../../../Dealio/Content/Link_shiz/Tiles/tiles__r1708350101_Sprite_22.uasset" 405
"../../../Dealio/Content/Link_shiz/Tiles/tiles__r1708350101_Sprite_21.uasset" 406
"../../../Dealio/Content/Link_shiz/Tiles/tiles__r1708350101_Sprite_20.uasset" 407
"../../../Dealio/Content/Link_shiz/Tiles/tiles__r1708350101_Sprite_19.uasset" 408
"../../../Dealio/Content/Link_shiz/Tiles/tiles__r1708350101_Sprite_18.uasset" 409
"../../../Dealio/Content/Link_shiz/Tiles/tiles__r1708350101_Sprite_17.uasset" 410
"../../../Dealio/Content/Link_shiz/Tiles/tiles__r1708350101_Sprite_16.uasset" 411
"../../../Dealio/Content/Link_shiz/Tiles/tiles__r1708350101_Sprite_15.uasset" 412
"../../../Dealio/Content/Link_shiz/Tiles/tiles__r1708350101_Sprite_14.uasset" 413
"../../../Dealio/Content/Link_shiz/Tiles/tiles__r1708350101_Sprite_13.uasset" 414
"../../../Dealio/Content/Link_shiz/Tiles/tiles__r1708350101_Sprite_12.uasset" 415
"../../../Dealio/Content/Link_shiz/Tiles/tiles__r1708350101_Sprite_11.uasset" 416
"../../../Dealio/Content/Link_shiz/Tiles/tiles__r1708350101_Sprite_10.uasset" 417
"../../../Dealio/Content/Link_shiz/Tiles/tiles__r1708350101_Sprite_9.uasset" 418
"../../../Dealio/Content/Link_shiz/Tiles/tiles__r1708350101_Sprite_8.uasset" 419
"../../../Dealio/Content/Link_shiz/Tiles/tiles__r1708350101_Sprite_7.uasset" 420
"../../../Dealio/Content/Link_shiz/Tiles/tiles__r1708350101_Sprite_6.uasset" 421
"../../../Dealio/Content/Link_shiz/Tiles/tiles__r1708350101_Sprite_5.uasset" 422
"../../../Dealio/Content/Link_shiz/Tiles/tiles__r1708350101_Sprite_4.uasset" 423
"../../../Dealio/Content/Link_shiz/Tiles/tiles__r1708350101_Sprite_3.uasset" 424
"../../../Dealio/Content/Link_shiz/Tiles/tiles__r1708350101_Sprite_2.uasset" 425
"../../../Dealio/Content/Link_shiz/Tiles/tiles__r1708350101_Sprite_1.uasset" 426
"../../../Dealio/Content/Link_shiz/Tiles/tileset.uasset" 427
"../../../Dealio/Content/Link_shiz/Tiles/tileset_Sprite_0.uasset" 428
"../../../Dealio/Content/Link_shiz/Tiles/8246060_orig.uasset" 429
"../../../Dealio/Content/Link_shiz/Tiles/8246060_orig_Sprite_2.uasset" 430
"../../../Dealio/Content/Link_shiz/Tiles/8246060_orig_Sprite_0.uasset" 431
"../../../Engine/Content/EngineSky/C_Sky_Cloud_Color.uasset" 432
"../../../Engine/Content/EngineSky/C_Sky_Horizon_Color.uasset" 433
"../../../Engine/Content/EngineSky/C_Sky_Zenith_Color.uasset" 434
"../../../Engine/Content/EngineSky/T_Sky_Blue.uasset" 435
"../../../Engine/Content/EngineSky/T_Sky_Clouds_M.uasset" 436
"../../../Engine/Content/EngineSky/T_Sky_Stars.uasset" 437
"../../../Engine/Content/EngineSky/M_Sky_Panning_Clouds2.uasset" 438
"../../../Engine/Content/EngineSky/SM_SkySphere.uasset" 439
"../../../Engine/Content/EngineSky/BP_Sky_Sphere.uasset" 440
"../../../Dealio/Content/Link_shiz/Sprites/adult_link_custom_sheet_by_xander__Sprite_0.uasset" 441
"../../../Dealio/Content/Link_shiz/Sprites/adult_link_custom_sheet_by_xander__Sprite_1.uasset" 442
"../../../Dealio/Content/Link_shiz/Sprites/adult_link_custom_sheet_by_xander__Sprite_2.uasset" 443
"../../../Dealio/Content/Link_shiz/Sprites/A_Idle.uasset" 444
"../../../Dealio/Content/Link_shiz/Sprites/adult_link_custom_sheet_by_xander__Sprite_17.uasset" 445
"../../../Dealio/Content/Link_shiz/Sprites/adult_link_custom_sheet_by_xander__Sprite_18.uasset" 446
"../../../Dealio/Content/Link_shiz/Sprites/adult_link_custom_sheet_by_xander__Sprite_19.uasset" 447
"../../../Dealio/Content/Link_shiz/Sprites/adult_link_custom_sheet_by_xander__Sprite_20.uasset" 448
"../../../Dealio/Content/Link_shiz/Sprites/adult_link_custom_sheet_by_xander__Sprite_21.uasset" 449
"../../../Dealio/Content/Link_shiz/Sprites/adult_link_custom_sheet_by_xander__Sprite_22.uasset" 450
"../../../Dealio/Content/Link_shiz/Sprites/adult_link_custom_sheet_by_xander__Sprite_23.uasset" 451
"../../../Dealio/Content/Link_shiz/Sprites/A_Walk.uasset" 452
"../../../Dealio/Content/Link_shiz/Character/LINK.uasset" 453
"../../../Dealio/Content/2DSideScrollerBP/Blueprints/2DSideScrollerGameMode.uasset" 454
"../../../Engine/Content/MapTemplates/SM_Template_Map_Floor.uasset" 455
"../../../Dealio/Content/Link_shiz/Tiles/tiles__r1708350101_Sprite_0.uasset" 456
"../../../Dealio/Content/Link_shiz/Maps/Link_World2.umap" 457
"../../../Dealio/Content/2DSideScrollerBP/Blueprints/2DSideScrollerCharacter.uasset" 458
"../../../Engine/Content/MapTemplates/Bokeh_5Sides.uasset" 459
"../../../Engine/Content/MapTemplates/T_ScreenDirt02_w.uasset" 460
"../../../Engine/Plugins/2D/Paper2D/Content/OpaqueUnlitSpriteMaterial.uasset" 461
"../../../Dealio/Content/2dSideScroller/Textures/2DBackground.uasset" 462
"../../../Dealio/Content/2DSideScroller/Sprites/Background_Sprite.uasset" 463
"../../../Dealio/Content/2dSideScroller/Textures/2DBackgroundBlockAtlas.uasset" 464
"../../../Dealio/Content/2DSideScroller/Sprites/Ledge.uasset" 465
"../../../Dealio/Content/2DSideScrollerBP/Maps/2DSideScrollerExampleMap.umap" 466
